This file contains any messages produced by compilers while
running configure, to aid debugging if configure makes a mistake.

It was created by sphinxbase configure 5prealpha, which was
generated by GNU Autoconf 2.69.  Invocation command line was

  $ ./configure 

## --------- ##
## Platform. ##
## --------- ##

hostname = rp4-lg
uname -m = armv7l
uname -r = 5.4.51-v7l+
uname -s = Linux
uname -v = #1333 SMP Mon Aug 10 16:51:40 BST 2020

/usr/bin/uname -p = unknown
/bin/uname -X     = unknown

/bin/arch              = unknown
/usr/bin/arch -k       = unknown
/usr/convex/getsysinfo = unknown
/usr/bin/hostinfo      = unknown
/bin/machine           = unknown
/usr/bin/oslevel       = unknown
/bin/universe          = unknown

PATH: /usr/local/bin
PATH: /usr/bin
PATH: /bin
PATH: /usr/local/games
PATH: /usr/games


## ----------- ##
## Core tests. ##
## ----------- ##

configure:2552: checking for a BSD-compatible install
configure:2620: result: /usr/bin/install -c
configure:2631: checking whether build environment is sane
configure:2686: result: yes
configure:2835: checking for a thread-safe mkdir -p
configure:2874: result: /bin/mkdir -p
configure:2881: checking for gawk
configure:2897: found /usr/bin/gawk
configure:2908: result: gawk
configure:2919: checking whether make sets $(MAKE)
configure:2941: result: yes
configure:2970: checking whether make supports nested variables
configure:2987: result: yes
configure:3112: checking build system type
configure:3126: result: armv7l-unknown-linux-gnueabihf
configure:3146: checking host system type
configure:3159: result: armv7l-unknown-linux-gnueabihf
configure:3183: checking whether make supports the include directive
configure:3198: make -f confmf.GNU && cat confinc.out
this is the am__doit target
configure:3201: $? = 0
configure:3220: result: yes (GNU style)
configure:3290: checking for gcc
configure:3306: found /usr/bin/gcc
configure:3317: result: gcc
configure:3546: checking for C compiler version
configure:3555: gcc --version >&5
gcc (Raspbian 8.3.0-6+rpi1) 8.3.0
Copyright (C) 2018 Free Software Foundation, Inc.
This is free software; see the source for copying conditions.  There is NO
warranty; not even for MERCHANTABILITY or FITNESS FOR A PARTICULAR PURPOSE.

configure:3566: $? = 0
configure:3555: gcc -v >&5
Using built-in specs.
COLLECT_GCC=gcc
COLLECT_LTO_WRAPPER=/usr/lib/gcc/arm-linux-gnueabihf/8/lto-wrapper
Target: arm-linux-gnueabihf
Configured with: ../src/configure -v --with-pkgversion='Raspbian 8.3.0-6+rpi1' --with-bugurl=file:///usr/share/doc/gcc-8/README.Bugs --enable-languages=c,ada,c++,go,d,fortran,objc,obj-c++ --prefix=/usr --with-gcc-major-version-only --program-suffix=-8 --program-prefix=arm-linux-gnueabihf- --enable-shared --enable-linker-build-id --libexecdir=/usr/lib --without-included-gettext --enable-threads=posix --libdir=/usr/lib --enable-nls --enable-bootstrap --enable-clocale=gnu --enable-libstdcxx-debug --enable-libstdcxx-time=yes --with-default-libstdcxx-abi=new --enable-gnu-unique-object --disable-libitm --disable-libquadmath --disable-libquadmath-support --enable-plugin --with-system-zlib --with-target-system-zlib --enable-objc-gc=auto --enable-multiarch --disable-sjlj-exceptions --with-arch=armv6 --with-fpu=vfp --with-float=hard --disable-werror --enable-checking=release --build=arm-linux-gnueabihf --host=arm-linux-gnueabihf --target=arm-linux-gnueabihf
Thread model: posix
gcc version 8.3.0 (Raspbian 8.3.0-6+rpi1) 
configure:3566: $? = 0
configure:3555: gcc -V >&5
gcc: error: unrecognized command line option '-V'
gcc: fatal error: no input files
compilation terminated.
configure:3566: $? = 1
configure:3555: gcc -qversion >&5
gcc: error: unrecognized command line option '-qversion'; did you mean '--version'?
gcc: fatal error: no input files
compilation terminated.
configure:3566: $? = 1
configure:3586: checking whether the C compiler works
configure:3608: gcc -g -O2 -Wall   conftest.c  >&5
configure:3612: $? = 0
configure:3660: result: yes
configure:3663: checking for C compiler default output file name
configure:3665: result: a.out
configure:3671: checking for suffix of executables
configure:3678: gcc -o conftest -g -O2 -Wall   conftest.c  >&5
configure:3682: $? = 0
configure:3704: result: 
configure:3726: checking whether we are cross compiling
configure:3734: gcc -o conftest -g -O2 -Wall   conftest.c  >&5
configure:3738: $? = 0
configure:3745: ./conftest
configure:3749: $? = 0
configure:3737: result: no
configure:3742: checking for suffix of object files
configure:3764: gcc -c -g -O2 -Wall  conftest.c >&5
configure:3768: $? = 0
configure:3789: result: o
configure:3793: checking whether we are using the GNU C compiler
configure:3812: gcc -c -g -O2 -Wall  conftest.c >&5
configure:3812: $? = 0
configure:3821: result: yes
configure:3830: checking whether gcc accepts -g
configure:3850: gcc -c -g  conftest.c >&5
configure:3850: $? = 0
configure:3891: result: yes
configure:3908: checking for gcc option to accept ISO C89
configure:3971: gcc  -c -g -O2 -Wall  conftest.c >&5
configure:3971: $? = 0
configure:3984: result: none needed
configure:4009: checking whether gcc understands -c and -o together
configure:4031: gcc -c conftest.c -o conftest2.o
configure:4034: $? = 0
configure:4031: gcc -c conftest.c -o conftest2.o
configure:4034: $? = 0
configure:4046: result: yes
configure:4065: checking dependency style of gcc
configure:4176: result: gcc3
configure:4192: checking for library containing strerror
configure:4223: gcc -o conftest -g -O2 -Wall   conftest.c  >&5
configure:4223: $? = 0
configure:4240: result: none required
configure:4296: checking for gcc
configure:4323: result: gcc
configure:4552: checking for C compiler version
configure:4561: gcc --version >&5
gcc (Raspbian 8.3.0-6+rpi1) 8.3.0
Copyright (C) 2018 Free Software Foundation, Inc.
This is free software; see the source for copying conditions.  There is NO
warranty; not even for MERCHANTABILITY or FITNESS FOR A PARTICULAR PURPOSE.

configure:4572: $? = 0
configure:4561: gcc -v >&5
Using built-in specs.
COLLECT_GCC=gcc
COLLECT_LTO_WRAPPER=/usr/lib/gcc/arm-linux-gnueabihf/8/lto-wrapper
Target: arm-linux-gnueabihf
Configured with: ../src/configure -v --with-pkgversion='Raspbian 8.3.0-6+rpi1' --with-bugurl=file:///usr/share/doc/gcc-8/README.Bugs --enable-languages=c,ada,c++,go,d,fortran,objc,obj-c++ --prefix=/usr --with-gcc-major-version-only --program-suffix=-8 --program-prefix=arm-linux-gnueabihf- --enable-shared --enable-linker-build-id --libexecdir=/usr/lib --without-included-gettext --enable-threads=posix --libdir=/usr/lib --enable-nls --enable-bootstrap --enable-clocale=gnu --enable-libstdcxx-debug --enable-libstdcxx-time=yes --with-default-libstdcxx-abi=new --enable-gnu-unique-object --disable-libitm --disable-libquadmath --disable-libquadmath-support --enable-plugin --with-system-zlib --with-target-system-zlib --enable-objc-gc=auto --enable-multiarch --disable-sjlj-exceptions --with-arch=armv6 --with-fpu=vfp --with-float=hard --disable-werror --enable-checking=release --build=arm-linux-gnueabihf --host=arm-linux-gnueabihf --target=arm-linux-gnueabihf
Thread model: posix
gcc version 8.3.0 (Raspbian 8.3.0-6+rpi1) 
configure:4572: $? = 0
configure:4561: gcc -V >&5
gcc: error: unrecognized command line option '-V'
gcc: fatal error: no input files
compilation terminated.
configure:4572: $? = 1
configure:4561: gcc -qversion >&5
gcc: error: unrecognized command line option '-qversion'; did you mean '--version'?
gcc: fatal error: no input files
compilation terminated.
configure:4572: $? = 1
configure:4576: checking whether we are using the GNU C compiler
configure:4604: result: yes
configure:4613: checking whether gcc accepts -g
configure:4674: result: yes
configure:4691: checking for gcc option to accept ISO C89
configure:4767: result: none needed
configure:4792: checking whether gcc understands -c and -o together
configure:4829: result: yes
configure:4848: checking dependency style of gcc
configure:4959: result: gcc3
configure:4978: checking for gcc option to accept ISO C99
configure:5127: gcc  -c -g -O2 -Wall  conftest.c >&5
conftest.c: In function 'test_varargs':
conftest.c:80:9: warning: variable 'fnumber' set but not used [-Wunused-but-set-variable]
   float fnumber;
         ^~~~~~~
conftest.c:79:7: warning: variable 'number' set but not used [-Wunused-but-set-variable]
   int number;
       ^~~~~~
conftest.c:78:15: warning: variable 'str' set but not used [-Wunused-but-set-variable]
   const char *str;
               ^~~
configure:5127: $? = 0
configure:5140: result: none needed
configure:5248: checking for gcc option to accept ISO Standard C
configure:5259: result: none needed
configure:5313: checking how to print strings
configure:5340: result: printf
configure:5361: checking for a sed that does not truncate output
configure:5425: result: /bin/sed
configure:5443: checking for grep that handles long lines and -e
configure:5501: result: /bin/grep
configure:5506: checking for egrep
configure:5568: result: /bin/grep -E
configure:5573: checking for fgrep
configure:5635: result: /bin/grep -F
configure:5670: checking for ld used by gcc
configure:5737: result: /usr/bin/ld
configure:5744: checking if the linker (/usr/bin/ld) is GNU ld
configure:5759: result: yes
configure:5771: checking for BSD- or MS-compatible name lister (nm)
configure:5825: result: /usr/bin/nm -B
configure:5955: checking the name lister (/usr/bin/nm -B) interface
configure:5962: gcc -c -g -O2 -Wall  conftest.c >&5
configure:5965: /usr/bin/nm -B "conftest.o"
configure:5968: output
00000000 B some_variable
configure:5969: result: BSD nm
configure:5972: checking whether ln -s works
configure:5976: result: yes
configure:5984: checking the maximum length of command line arguments
configure:6115: result: 1572864
configure:6163: checking how to convert armv7l-unknown-linux-gnueabihf file names to armv7l-unknown-linux-gnueabihf format
configure:6203: result: func_convert_file_noop
configure:6210: checking how to convert armv7l-unknown-linux-gnueabihf file names to toolchain format
configure:6230: result: func_convert_file_noop
configure:6237: checking for /usr/bin/ld option to reload object files
configure:6244: result: -r
configure:6318: checking for objdump
configure:6334: found /usr/bin/objdump
configure:6345: result: objdump
configure:6377: checking how to recognize dependent libraries
configure:6577: result: pass_all
configure:6662: checking for dlltool
configure:6692: result: no
configure:6722: checking how to associate runtime and link libraries
configure:6749: result: printf %s\n
configure:6809: checking for ar
configure:6825: found /usr/bin/ar
configure:6836: result: ar
configure:6873: checking for archiver @FILE support
configure:6890: gcc -c -g -O2 -Wall  conftest.c >&5
configure:6890: $? = 0
configure:6893: ar cru libconftest.a @conftest.lst >&5
ar: `u' modifier ignored since `D' is the default (see `U')
configure:6896: $? = 0
configure:6901: ar cru libconftest.a @conftest.lst >&5
ar: `u' modifier ignored since `D' is the default (see `U')
ar: conftest.o: No such file or directory
configure:6904: $? = 1
configure:6903: result: @
configure:6961: checking for strip
configure:6977: found /usr/bin/strip
configure:6988: result: strip
configure:7060: checking for ranlib
configure:7076: found /usr/bin/ranlib
configure:7087: result: ranlib
configure:7189: checking command to parse /usr/bin/nm -B output from gcc object
configure:7342: gcc -c -g -O2 -Wall  conftest.c >&5
configure:7345: $? = 0
configure:7349: /usr/bin/nm -B conftest.o | sed -n -e 's/^.*[	 ]\([ABCDGIRSTW][ABCDGIRSTW]*\)[	 ][	 ]*\([_A-Za-z][_A-Za-z0-9]*\)$/\1 \2 \2/p' | sed '/ __gnu_lto/d' > conftest.nm
configure:7415: gcc -o conftest -g -O2 -Wall   conftest.c conftstm.o >&5
configure:7418: $? = 0
configure:7456: result: ok
configure:7503: checking for sysroot
configure:7533: result: no
configure:7540: checking for a working dd
configure:7578: result: /bin/dd
configure:7582: checking how to truncate binary pipes
configure:7597: result: /bin/dd bs=4096 count=1
configure:7926: checking for mt
configure:7942: found /bin/mt
configure:7953: result: mt
configure:7976: checking if mt is a manifest tool
configure:7982: mt '-?'
configure:7990: result: no
configure:8667: checking how to run the C preprocessor
configure:8698: gcc -E  conftest.c
configure:8698: $? = 0
configure:8712: gcc -E  conftest.c
conftest.c:9:10: fatal error: ac_nonexistent.h: No such file or directory
 #include <ac_nonexistent.h>
          ^~~~~~~~~~~~~~~~~~
compilation terminated.
configure:8712: $? = 1
configure: failed program was:
| /* confdefs.h */
| #define PACKAGE_NAME "sphinxbase"
| #define PACKAGE_TARNAME "sphinxbase"
| #define PACKAGE_VERSION "5prealpha"
| #define PACKAGE_STRING "sphinxbase 5prealpha"
| #define PACKAGE_BUGREPORT ""
| #define PACKAGE_URL ""
| /* end confdefs.h.  */
| #include <ac_nonexistent.h>
configure:8737: result: gcc -E
configure:8757: gcc -E  conftest.c
configure:8757: $? = 0
configure:8771: gcc -E  conftest.c
conftest.c:9:10: fatal error: ac_nonexistent.h: No such file or directory
 #include <ac_nonexistent.h>
          ^~~~~~~~~~~~~~~~~~
compilation terminated.
configure:8771: $? = 1
configure: failed program was:
| /* confdefs.h */
| #define PACKAGE_NAME "sphinxbase"
| #define PACKAGE_TARNAME "sphinxbase"
| #define PACKAGE_VERSION "5prealpha"
| #define PACKAGE_STRING "sphinxbase 5prealpha"
| #define PACKAGE_BUGREPORT ""
| #define PACKAGE_URL ""
| /* end confdefs.h.  */
| #include <ac_nonexistent.h>
configure:8800: checking for ANSI C header files
configure:8820: gcc -c -g -O2 -Wall  conftest.c >&5
configure:8820: $? = 0
configure:8893: gcc -o conftest -g -O2 -Wall   conftest.c  >&5
configure:8893: $? = 0
configure:8893: ./conftest
configure:8893: $? = 0
configure:8904: result: yes
configure:8917: checking for sys/types.h
configure:8917: gcc -c -g -O2 -Wall  conftest.c >&5
configure:8917: $? = 0
configure:8917: result: yes
configure:8917: checking for sys/stat.h
configure:8917: gcc -c -g -O2 -Wall  conftest.c >&5
configure:8917: $? = 0
configure:8917: result: yes
configure:8917: checking for stdlib.h
configure:8917: gcc -c -g -O2 -Wall  conftest.c >&5
configure:8917: $? = 0
configure:8917: result: yes
configure:8917: checking for string.h
configure:8917: gcc -c -g -O2 -Wall  conftest.c >&5
configure:8917: $? = 0
configure:8917: result: yes
configure:8917: checking for memory.h
configure:8917: gcc -c -g -O2 -Wall  conftest.c >&5
configure:8917: $? = 0
configure:8917: result: yes
configure:8917: checking for strings.h
configure:8917: gcc -c -g -O2 -Wall  conftest.c >&5
configure:8917: $? = 0
configure:8917: result: yes
configure:8917: checking for inttypes.h
configure:8917: gcc -c -g -O2 -Wall  conftest.c >&5
configure:8917: $? = 0
configure:8917: result: yes
configure:8917: checking for stdint.h
configure:8917: gcc -c -g -O2 -Wall  conftest.c >&5
configure:8917: $? = 0
configure:8917: result: yes
configure:8917: checking for unistd.h
configure:8917: gcc -c -g -O2 -Wall  conftest.c >&5
configure:8917: $? = 0
configure:8917: result: yes
configure:8931: checking for dlfcn.h
configure:8931: gcc -c -g -O2 -Wall  conftest.c >&5
configure:8931: $? = 0
configure:8931: result: yes
configure:9187: checking for objdir
configure:9202: result: .libs
configure:9466: checking if gcc supports -fno-rtti -fno-exceptions
configure:9484: gcc -c -g -O2 -Wall  -fno-rtti -fno-exceptions conftest.c >&5
cc1: warning: command line option '-fno-rtti' is valid for C++/ObjC++ but not for C
configure:9488: $? = 0
configure:9501: result: no
configure:9859: checking for gcc option to produce PIC
configure:9866: result: -fPIC -DPIC
configure:9874: checking if gcc PIC flag -fPIC -DPIC works
configure:9892: gcc -c -g -O2 -Wall  -fPIC -DPIC -DPIC conftest.c >&5
configure:9896: $? = 0
configure:9909: result: yes
configure:9938: checking if gcc static flag -static works
configure:9966: result: yes
configure:9981: checking if gcc supports -c -o file.o
configure:10002: gcc -c -g -O2 -Wall  -o out/conftest2.o conftest.c >&5
configure:10006: $? = 0
configure:10028: result: yes
configure:10036: checking if gcc supports -c -o file.o
configure:10083: result: yes
configure:10116: checking whether the gcc linker (/usr/bin/ld) supports shared libraries
configure:11379: result: yes
configure:11416: checking whether -lc should be explicitly linked in
configure:11424: gcc -c -g -O2 -Wall  conftest.c >&5
configure:11427: $? = 0
configure:11442: gcc -shared  -fPIC -DPIC conftest.o  -v -Wl,-soname -Wl,conftest -o conftest 2\>\&1 \| /bin/grep  -lc  \>/dev/null 2\>\&1
configure:11445: $? = 0
configure:11459: result: no
configure:11619: checking dynamic linker characteristics
configure:12200: gcc -o conftest -g -O2 -Wall   -Wl,-rpath -Wl,/foo conftest.c  >&5
configure:12200: $? = 0
configure:12449: result: GNU/Linux ld.so
configure:12571: checking how to hardcode library paths into programs
configure:12596: result: immediate
configure:13144: checking whether stripping libraries is possible
configure:13149: result: yes
configure:13184: checking if libtool supports shared libraries
configure:13186: result: yes
configure:13189: checking whether to build shared libraries
configure:13214: result: yes
configure:13217: checking whether to build static libraries
configure:13221: result: yes
configure:10039: checking for bison
configure:10055: found /usr/bin/bison
configure:10067: result: bison -y
configure:10081: checking for ANSI C header files
configure:10185: result: yes
configure:10193: checking whether byte ordering is bigendian
configure:10208: gcc -c -g -O2 -Wall  conftest.c >&5
conftest.c:23:9: error: unknown type name 'not'
         not a universal capable compiler
         ^~~
conftest.c:23:15: error: expected '=', ',', ';', 'asm' or '__attribute__' before 'universal'
         not a universal capable compiler
               ^~~~~~~~~
conftest.c:23:15: error: unknown type name 'universal'
configure:10208: $? = 1
configure: failed program was:
| /* confdefs.h */
| #define PACKAGE_NAME "sphinxbase"
| #define PACKAGE_TARNAME "sphinxbase"
| #define PACKAGE_VERSION "5prealpha"
| #define PACKAGE_STRING "sphinxbase 5prealpha"
| #define PACKAGE_BUGREPORT ""
| #define PACKAGE_URL ""
| #define STDC_HEADERS 1
| #define HAVE_SYS_TYPES_H 1
| #define HAVE_SYS_STAT_H 1
| #define HAVE_STDLIB_H 1
| #define HAVE_STRING_H 1
| #define HAVE_MEMORY_H 1
| #define HAVE_STRINGS_H 1
| #define HAVE_INTTYPES_H 1
| #define HAVE_STDINT_H 1
| #define HAVE_UNISTD_H 1
| #define HAVE_DLFCN_H 1
| #define LT_OBJDIR ".libs/"
| #define STDC_HEADERS 1
| /* end confdefs.h.  */
| #ifndef __APPLE_CC__
| 	       not a universal capable compiler
| 	     #endif
| 	     typedef int dummy;
| 
configure:10253: gcc -c -g -O2 -Wall  conftest.c >&5
configure:10253: $? = 0
configure:10271: gcc -c -g -O2 -Wall  conftest.c >&5
conftest.c: In function 'main':
conftest.c:29:4: error: unknown type name 'not'; did you mean 'ino_t'?
    not big endian
    ^~~
    ino_t
conftest.c:29:12: error: expected '=', ',', ';', 'asm' or '__attribute__' before 'endian'
    not big endian
            ^~~~~~
configure:10271: $? = 1
configure: failed program was:
| /* confdefs.h */
| #define PACKAGE_NAME "sphinxbase"
| #define PACKAGE_TARNAME "sphinxbase"
| #define PACKAGE_VERSION "5prealpha"
| #define PACKAGE_STRING "sphinxbase 5prealpha"
| #define PACKAGE_BUGREPORT ""
| #define PACKAGE_URL ""
| #define STDC_HEADERS 1
| #define HAVE_SYS_TYPES_H 1
| #define HAVE_SYS_STAT_H 1
| #define HAVE_STDLIB_H 1
| #define HAVE_STRING_H 1
| #define HAVE_MEMORY_H 1
| #define HAVE_STRINGS_H 1
| #define HAVE_INTTYPES_H 1
| #define HAVE_STDINT_H 1
| #define HAVE_UNISTD_H 1
| #define HAVE_DLFCN_H 1
| #define LT_OBJDIR ".libs/"
| #define STDC_HEADERS 1
| /* end confdefs.h.  */
| #include <sys/types.h>
| 		#include <sys/param.h>
| 
| int
| main ()
| {
| #if BYTE_ORDER != BIG_ENDIAN
| 		 not big endian
| 		#endif
| 
|   ;
|   return 0;
| }
configure:10399: result: no
configure:10417: checking return type of signal handlers
configure:10435: gcc -c -g -O2 -Wall  conftest.c >&5
conftest.c: In function 'main':
conftest.c:28:10: error: void value not ignored as it ought to be
 return *(signal (0, 0)) (0) == 1;
         ~^~~~~~~~~~~~~~~~~~
configure:10435: $? = 1
configure: failed program was:
| /* confdefs.h */
| #define PACKAGE_NAME "sphinxbase"
| #define PACKAGE_TARNAME "sphinxbase"
| #define PACKAGE_VERSION "5prealpha"
| #define PACKAGE_STRING "sphinxbase 5prealpha"
| #define PACKAGE_BUGREPORT ""
| #define PACKAGE_URL ""
| #define STDC_HEADERS 1
| #define HAVE_SYS_TYPES_H 1
| #define HAVE_SYS_STAT_H 1
| #define HAVE_STDLIB_H 1
| #define HAVE_STRING_H 1
| #define HAVE_MEMORY_H 1
| #define HAVE_STRINGS_H 1
| #define HAVE_INTTYPES_H 1
| #define HAVE_STDINT_H 1
| #define HAVE_UNISTD_H 1
| #define HAVE_DLFCN_H 1
| #define LT_OBJDIR ".libs/"
| #define STDC_HEADERS 1
| /* end confdefs.h.  */
| #include <sys/types.h>
| #include <signal.h>
| 
| int
| main ()
| {
| return *(signal (0, 0)) (0) == 1;
|   ;
|   return 0;
| }
configure:10442: result: void
configure:10450: checking for long long
configure:10450: gcc -c -g -O2 -Wall  conftest.c >&5
configure:10450: $? = 0
configure:10450: gcc -c -g -O2 -Wall  conftest.c >&5
conftest.c: In function 'main':
conftest.c:59:24: error: expected expression before ')' token
 if (sizeof ((long long)))
                        ^
configure:10450: $? = 1
configure: failed program was:
| /* confdefs.h */
| #define PACKAGE_NAME "sphinxbase"
| #define PACKAGE_TARNAME "sphinxbase"
| #define PACKAGE_VERSION "5prealpha"
| #define PACKAGE_STRING "sphinxbase 5prealpha"
| #define PACKAGE_BUGREPORT ""
| #define PACKAGE_URL ""
| #define STDC_HEADERS 1
| #define HAVE_SYS_TYPES_H 1
| #define HAVE_SYS_STAT_H 1
| #define HAVE_STDLIB_H 1
| #define HAVE_STRING_H 1
| #define HAVE_MEMORY_H 1
| #define HAVE_STRINGS_H 1
| #define HAVE_INTTYPES_H 1
| #define HAVE_STDINT_H 1
| #define HAVE_UNISTD_H 1
| #define HAVE_DLFCN_H 1
| #define LT_OBJDIR ".libs/"
| #define STDC_HEADERS 1
| #define RETSIGTYPE void
| /* end confdefs.h.  */
| #include <stdio.h>
| #ifdef HAVE_SYS_TYPES_H
| # include <sys/types.h>
| #endif
| #ifdef HAVE_SYS_STAT_H
| # include <sys/stat.h>
| #endif
| #ifdef STDC_HEADERS
| # include <stdlib.h>
| # include <stddef.h>
| #else
| # ifdef HAVE_STDLIB_H
| #  include <stdlib.h>
| # endif
| #endif
| #ifdef HAVE_STRING_H
| # if !defined STDC_HEADERS && defined HAVE_MEMORY_H
| #  include <memory.h>
| # endif
| # include <string.h>
| #endif
| #ifdef HAVE_STRINGS_H
| # include <strings.h>
| #endif
| #ifdef HAVE_INTTYPES_H
| # include <inttypes.h>
| #endif
| #ifdef HAVE_STDINT_H
| # include <stdint.h>
| #endif
| #ifdef HAVE_UNISTD_H
| # include <unistd.h>
| #endif
| int
| main ()
| {
| if (sizeof ((long long)))
| 	    return 0;
|   ;
|   return 0;
| }
configure:10450: result: yes
configure:10464: checking size of long long
configure:10469: gcc -o conftest -g -O2 -Wall   conftest.c  >&5
configure:10469: $? = 0
configure:10469: ./conftest
configure:10469: $? = 0
configure:10483: result: 8
configure:10497: checking size of long
configure:10502: gcc -o conftest -g -O2 -Wall   conftest.c  >&5
configure:10502: $? = 0
configure:10502: ./conftest
configure:10502: $? = 0
configure:10516: result: 4
configure:10529: checking for popen
configure:10529: gcc -o conftest -g -O2 -Wall   conftest.c  >&5
configure:10529: $? = 0
configure:10529: result: yes
configure:10529: checking for perror
configure:10529: gcc -o conftest -g -O2 -Wall   conftest.c  >&5
configure:10529: $? = 0
configure:10529: result: yes
configure:10529: checking for snprintf
configure:10529: gcc -o conftest -g -O2 -Wall   conftest.c  >&5
conftest.c:51:6: warning: conflicting types for built-in function 'snprintf' [-Wbuiltin-declaration-mismatch]
 char snprintf ();
      ^~~~~~~~
configure:10529: $? = 0
configure:10529: result: yes
configure:10538: checking errno.h usability
configure:10538: gcc -c -g -O2 -Wall  conftest.c >&5
configure:10538: $? = 0
configure:10538: result: yes
configure:10538: checking errno.h presence
configure:10538: gcc -E  conftest.c
configure:10538: $? = 0
configure:10538: result: yes
configure:10538: checking for errno.h
configure:10538: result: yes
configure:10558: checking for sgesv_ in -llapack
configure:10583: gcc -o conftest -g -O2 -Wall   conftest.c -llapack   >&5
configure:10583: $? = 0
configure:10592: result: yes
configure:10606: checking for sgemm_ in -lblas
configure:10631: gcc -o conftest -g -O2 -Wall   conftest.c -lblas  -llapack  >&5
configure:10631: $? = 0
configure:10640: result: yes
configure:10675: checking for log in -lm
configure:10700: gcc -o conftest -g -O2 -Wall   conftest.c -lm  -lblas -llapack  >&5
conftest.c:39:6: warning: conflicting types for built-in function 'log' [-Wbuiltin-declaration-mismatch]
 char log ();
      ^~~
configure:10700: $? = 0
configure:10709: result: yes
configure:10740: checking pthread.h usability
configure:10740: gcc -c -g -O2 -Wall  conftest.c >&5
configure:10740: $? = 0
configure:10740: result: yes
configure:10740: checking pthread.h presence
configure:10740: gcc -E  conftest.c
configure:10740: $? = 0
configure:10740: result: yes
configure:10740: checking for pthread.h
configure:10740: result: yes
configure:10750: checking for pthread_create in -lpthread
configure:10775: gcc -o conftest -g -O2 -Wall   conftest.c -lpthread  -lm -lblas -llapack  >&5
configure:10775: $? = 0
configure:10784: result: yes
configure:10857: checking pulse/pulseaudio.h usability
configure:10857: gcc -c -g -O2 -Wall  conftest.c >&5
configure:10857: $? = 0
configure:10857: result: yes
configure:10857: checking pulse/pulseaudio.h presence
configure:10857: gcc -E  conftest.c
configure:10857: $? = 0
configure:10857: result: yes
configure:10857: checking for pulse/pulseaudio.h
configure:10857: result: yes
configure:10861: checking for pa_simple_new in -lpulse-simple
configure:10886: gcc -o conftest -g -O2 -Wall   conftest.c -lpulse-simple  -lpthread -lm -lblas -llapack  >&5
configure:10886: $? = 0
configure:10895: result: yes
configure:10906: checking for pa_strerror in -lpulse
configure:10931: gcc -o conftest -g -O2 -Wall   conftest.c -lpulse  -lpulse-simple -lpthread -lm -lblas -llapack  >&5
configure:10931: $? = 0
configure:10940: result: yes
configure:11107: checking for doxygen
configure:11123: found /usr/bin/doxygen
configure:11135: result: yes
configure:11196: checking for a Python interpreter with version >= 2.6
configure:11213: python -c import sys # split strings by '.' and convert to numeric. Append some zeros # because we need at least 4 digits for the hex conversion. # map returns an iterator in Python 3.0 and a list in 2.x minver = list(map(int, '2.6'.split('.'))) + [0, 0, 0] minverhex = 0 # xrange is not present in Python 3.0 and range returns an iterator for i in list(range(0, 4)): minverhex = (minverhex << 8) + minver[i] sys.exit(sys.hexversion < minverhex)
configure:11216: $? = 0
configure:11222: result: python
configure:11230: checking for python
configure:11248: found /usr/bin/python
configure:11260: result: /usr/bin/python
configure:11278: checking for python version
configure:11285: result: 2.7
configure:11297: checking for python platform
configure:11304: result: linux2
configure:11330: checking for python script directory
configure:11365: result: ${prefix}/lib/python2.7/dist-packages
configure:11374: checking for python extension module directory
configure:11409: result: ${exec_prefix}/lib/python2.7/dist-packages
configure:11430: checking for python2.7
configure:11460: result: /usr/bin/python
configure:11476: checking for a version of Python >= '2.1.0'
configure:11502: result: yes
configure:11533: checking for the distutils Python package
configure:11537: result: yes
configure:11551: checking for Python include path
configure:11567: result: -I/usr/include/python2.7
configure:11574: checking for Python library path
configure:11651: result: -L/usr/lib -lpython2.7
configure:11658: checking for Python site-packages path
configure:11664: result: /usr/lib/python2.7/dist-packages
configure:11671: checking python extra libraries
configure:11678: result: -lpthread -ldl  -lutil -lm
configure:11685: checking python extra linking flags
configure:11692: result: -Xlinker -export-dynamic -Wl,-O1 -Wl,-Bsymbolic-functions
configure:11699: checking consistency of all components of python development environment
configure:11725: gcc -o conftest -g -O2 -Wall  -I/usr/include/python2.7  conftest.c -lpulse -lpulse-simple -lpthread -lm -lblas -llapack  -L/usr/lib -lpython2.7 -Xlinker -export-dynamic -Wl,-O1 -Wl,-Bsymbolic-functions -lpthread -ldl  -lutil -lm >&5
configure:11725: $? = 0
configure:11742: result: yes
configure:11773: checking for swig
configure:11791: found /usr/bin/swig
configure:11803: result: /usr/bin/swig
configure:11817: checking SWIG version
configure:11820: result: 3.0.12
configure:11869: checking for SWIG library
configure:11872: result: /usr/share/swig3.0
configure:12001: checking that generated files are newer than configure
configure:12007: result: done
configure:12059: creating ./config.status

## ---------------------- ##
## Running config.status. ##
## ---------------------- ##

This file was extended by sphinxbase config.status 5prealpha, which was
generated by GNU Autoconf 2.69.  Invocation command line was

  CONFIG_FILES    = 
  CONFIG_HEADERS  = 
  CONFIG_LINKS    = 
  CONFIG_COMMANDS = 
  $ ./config.status 

on rp4-lg

config.status:1169: creating sphinxbase.pc
config.status:1169: creating Makefile
config.status:1169: creating include/Makefile
config.status:1169: creating include/sphinxbase/Makefile
config.status:1169: creating src/Makefile
config.status:1169: creating src/libsphinxad/Makefile
config.status:1169: creating src/libsphinxbase/Makefile
config.status:1169: creating src/libsphinxbase/util/Makefile
config.status:1169: creating src/libsphinxbase/feat/Makefile
config.status:1169: creating src/libsphinxbase/fe/Makefile
config.status:1169: creating src/libsphinxbase/lm/Makefile
config.status:1169: creating src/sphinx_fe/Makefile
config.status:1169: creating src/sphinx_cepview/Makefile
config.status:1169: creating src/sphinx_jsgf2fsg/Makefile
config.status:1169: creating src/sphinx_adtools/Makefile
config.status:1169: creating src/sphinx_lmtools/Makefile
config.status:1169: creating doc/Makefile
config.status:1169: creating doc/doxyfile
config.status:1169: creating test/Makefile
config.status:1169: creating test/unit/testfuncs.sh
config.status:1169: creating test/unit/Makefile
config.status:1169: creating test/unit/test_alloc/Makefile
config.status:1169: creating test/unit/test_bitvec/Makefile
config.status:1169: creating test/unit/test_case/Makefile
config.status:1169: creating test/unit/test_string/Makefile
config.status:1169: creating test/unit/test_cmdln/Makefile
config.status:1169: creating test/unit/test_hash/Makefile
config.status:1169: creating test/unit/test_matrix/Makefile
config.status:1169: creating test/unit/test_feat/Makefile
config.status:1169: creating test/unit/test_fe/Makefile
config.status:1169: creating test/unit/test_logmath/Makefile
config.status:1169: creating test/unit/test_lineiter/Makefile
config.status:1169: creating test/unit/test_ngram/Makefile
config.status:1169: creating test/unit/test_fsg/Makefile
config.status:1169: creating test/unit/test_thread/Makefile
config.status:1169: creating test/unit/test_util/Makefile
config.status:1169: creating test/regression/testfuncs.sh
config.status:1169: creating test/regression/Makefile
config.status:1169: creating swig/Makefile
config.status:1169: creating swig/python/Makefile
config.status:1169: creating include/config.h
config.status:1350: include/config.h is unchanged
config.status:1169: creating include/sphinx_config.h
config.status:1350: include/sphinx_config.h is unchanged
config.status:1398: executing depfiles commands
config.status:1475: cd src/libsphinxad       && sed -e '/# am--include-marker/d' Makefile         | make -f - am--depfiles
make: Nothing to be done for 'am--depfiles'.
config.status:1480: $? = 0
config.status:1475: cd src/libsphinxbase/util       && sed -e '/# am--include-marker/d' Makefile         | make -f - am--depfiles
make: Nothing to be done for 'am--depfiles'.
config.status:1480: $? = 0
config.status:1475: cd src/libsphinxbase/feat       && sed -e '/# am--include-marker/d' Makefile         | make -f - am--depfiles
make: Nothing to be done for 'am--depfiles'.
config.status:1480: $? = 0
config.status:1475: cd src/libsphinxbase/fe       && sed -e '/# am--include-marker/d' Makefile         | make -f - am--depfiles
make: Nothing to be done for 'am--depfiles'.
config.status:1480: $? = 0
config.status:1475: cd src/libsphinxbase/lm       && sed -e '/# am--include-marker/d' Makefile         | make -f - am--depfiles
make: Nothing to be done for 'am--depfiles'.
config.status:1480: $? = 0
config.status:1475: cd src/sphinx_fe       && sed -e '/# am--include-marker/d' Makefile         | make -f - am--depfiles
make: Nothing to be done for 'am--depfiles'.
config.status:1480: $? = 0
config.status:1475: cd src/sphinx_cepview       && sed -e '/# am--include-marker/d' Makefile         | make -f - am--depfiles
make: Nothing to be done for 'am--depfiles'.
config.status:1480: $? = 0
config.status:1475: cd src/sphinx_jsgf2fsg       && sed -e '/# am--include-marker/d' Makefile         | make -f - am--depfiles
make: Nothing to be done for 'am--depfiles'.
config.status:1480: $? = 0
config.status:1475: cd src/sphinx_adtools       && sed -e '/# am--include-marker/d' Makefile         | make -f - am--depfiles
make: Nothing to be done for 'am--depfiles'.
config.status:1480: $? = 0
config.status:1475: cd src/sphinx_lmtools       && sed -e '/# am--include-marker/d' Makefile         | make -f - am--depfiles
make: Nothing to be done for 'am--depfiles'.
config.status:1480: $? = 0
config.status:1475: cd test/unit/test_alloc       && sed -e '/# am--include-marker/d' Makefile         | make -f - am--depfiles
make: Nothing to be done for 'am--depfiles'.
config.status:1480: $? = 0
config.status:1475: cd test/unit/test_bitvec       && sed -e '/# am--include-marker/d' Makefile         | make -f - am--depfiles
make: Nothing to be done for 'am--depfiles'.
config.status:1480: $? = 0
config.status:1475: cd test/unit/test_case       && sed -e '/# am--include-marker/d' Makefile         | make -f - am--depfiles
make: Nothing to be done for 'am--depfiles'.
config.status:1480: $? = 0
config.status:1475: cd test/unit/test_string       && sed -e '/# am--include-marker/d' Makefile         | make -f - am--depfiles
make: Nothing to be done for 'am--depfiles'.
config.status:1480: $? = 0
config.status:1475: cd test/unit/test_cmdln       && sed -e '/# am--include-marker/d' Makefile         | make -f - am--depfiles
make: Nothing to be done for 'am--depfiles'.
config.status:1480: $? = 0
config.status:1475: cd test/unit/test_hash       && sed -e '/# am--include-marker/d' Makefile         | make -f - am--depfiles
make: Nothing to be done for 'am--depfiles'.
config.status:1480: $? = 0
config.status:1475: cd test/unit/test_matrix       && sed -e '/# am--include-marker/d' Makefile         | make -f - am--depfiles
make: Nothing to be done for 'am--depfiles'.
config.status:1480: $? = 0
config.status:1475: cd test/unit/test_feat       && sed -e '/# am--include-marker/d' Makefile         | make -f - am--depfiles
make: Nothing to be done for 'am--depfiles'.
config.status:1480: $? = 0
config.status:1475: cd test/unit/test_fe       && sed -e '/# am--include-marker/d' Makefile         | make -f - am--depfiles
make: Nothing to be done for 'am--depfiles'.
config.status:1480: $? = 0
config.status:1475: cd test/unit/test_logmath       && sed -e '/# am--include-marker/d' Makefile         | make -f - am--depfiles
make: Nothing to be done for 'am--depfiles'.
config.status:1480: $? = 0
config.status:1475: cd test/unit/test_lineiter       && sed -e '/# am--include-marker/d' Makefile         | make -f - am--depfiles
make: Nothing to be done for 'am--depfiles'.
config.status:1480: $? = 0
config.status:1475: cd test/unit/test_ngram       && sed -e '/# am--include-marker/d' Makefile         | make -f - am--depfiles
make: Nothing to be done for 'am--depfiles'.
config.status:1480: $? = 0
config.status:1475: cd test/unit/test_fsg       && sed -e '/# am--include-marker/d' Makefile         | make -f - am--depfiles
make: Nothing to be done for 'am--depfiles'.
config.status:1480: $? = 0
config.status:1475: cd test/unit/test_thread       && sed -e '/# am--include-marker/d' Makefile         | make -f - am--depfiles
make: Nothing to be done for 'am--depfiles'.
config.status:1480: $? = 0
config.status:1475: cd test/unit/test_util       && sed -e '/# am--include-marker/d' Makefile         | make -f - am--depfiles
make: Nothing to be done for 'am--depfiles'.
config.status:1480: $? = 0
config.status:1475: cd swig/python       && sed -e '/# am--include-marker/d' Makefile         | make -f - am--depfiles
make: Nothing to be done for 'am--depfiles'.
config.status:1480: $? = 0
config.status:1398: executing libtool commands

## ---------------- ##
## Cache variables. ##
## ---------------- ##

ac_cv_build=armv7l-unknown-linux-gnueabihf
ac_cv_c_bigendian=no
ac_cv_c_compiler_gnu=yes
ac_cv_env_CC_set=
ac_cv_env_CC_value=
ac_cv_env_CFLAGS_set=
ac_cv_env_CFLAGS_value=
ac_cv_env_CPPFLAGS_set=
ac_cv_env_CPPFLAGS_value=
ac_cv_env_CPP_set=
ac_cv_env_CPP_value=
ac_cv_env_LDFLAGS_set=
ac_cv_env_LDFLAGS_value=
ac_cv_env_LIBS_set=
ac_cv_env_LIBS_value=
ac_cv_env_LT_SYS_LIBRARY_PATH_set=
ac_cv_env_LT_SYS_LIBRARY_PATH_value=
ac_cv_env_PYTHON_VERSION_set=
ac_cv_env_PYTHON_VERSION_value=
ac_cv_env_PYTHON_set=
ac_cv_env_PYTHON_value=
ac_cv_env_YACC_set=
ac_cv_env_YACC_value=
ac_cv_env_build_alias_set=
ac_cv_env_build_alias_value=
ac_cv_env_host_alias_set=
ac_cv_env_host_alias_value=
ac_cv_env_target_alias_set=
ac_cv_env_target_alias_value=
ac_cv_func_perror=yes
ac_cv_func_popen=yes
ac_cv_func_snprintf=yes
ac_cv_header_dlfcn_h=yes
ac_cv_header_errno_h=yes
ac_cv_header_inttypes_h=yes
ac_cv_header_memory_h=yes
ac_cv_header_pthread_h=yes
ac_cv_header_pulse_pulseaudio_h=yes
ac_cv_header_stdc=yes
ac_cv_header_stdint_h=yes
ac_cv_header_stdlib_h=yes
ac_cv_header_string_h=yes
ac_cv_header_strings_h=yes
ac_cv_header_sys_stat_h=yes
ac_cv_header_sys_types_h=yes
ac_cv_header_unistd_h=yes
ac_cv_host=armv7l-unknown-linux-gnueabihf
ac_cv_lib_blas_sgemm_=yes
ac_cv_lib_lapack_sgesv_=yes
ac_cv_lib_m_log=yes
ac_cv_lib_pthread_pthread_create=yes
ac_cv_lib_pulse_pa_strerror=yes
ac_cv_lib_pulse_simple_pa_simple_new=yes
ac_cv_objext=o
ac_cv_path_EGREP='/bin/grep -E'
ac_cv_path_FGREP='/bin/grep -F'
ac_cv_path_GREP=/bin/grep
ac_cv_path_PYTHON=/usr/bin/python
ac_cv_path_SED=/bin/sed
ac_cv_path_SWIG=/usr/bin/swig
ac_cv_path_install='/usr/bin/install -c'
ac_cv_path_lt_DD=/bin/dd
ac_cv_path_mkdir=/bin/mkdir
ac_cv_prog_AWK=gawk
ac_cv_prog_CPP='gcc -E'
ac_cv_prog_HAVE_DOXYGEN=yes
ac_cv_prog_YACC='bison -y'
ac_cv_prog_ac_ct_AR=ar
ac_cv_prog_ac_ct_CC=gcc
ac_cv_prog_ac_ct_MANIFEST_TOOL=mt
ac_cv_prog_ac_ct_OBJDUMP=objdump
ac_cv_prog_ac_ct_RANLIB=ranlib
ac_cv_prog_ac_ct_STRIP=strip
ac_cv_prog_cc_c89=
ac_cv_prog_cc_c99=
ac_cv_prog_cc_g=yes
ac_cv_prog_cc_stdc=
ac_cv_prog_make_make_set=yes
ac_cv_search_strerror='none required'
ac_cv_sizeof_long=4
ac_cv_sizeof_long_long=8
ac_cv_type_long_long=yes
ac_cv_type_signal=void
am_cv_CC_dependencies_compiler_type=gcc3
am_cv_make_support_nested_variables=yes
am_cv_pathless_PYTHON=python
am_cv_prog_cc_c_o=yes
am_cv_python_platform=linux2
am_cv_python_pyexecdir='${exec_prefix}/lib/python2.7/dist-packages'
am_cv_python_pythondir='${prefix}/lib/python2.7/dist-packages'
am_cv_python_version=2.7
lt_cv_ar_at_file=@
lt_cv_archive_cmds_need_lc=no
lt_cv_deplibs_check_method=pass_all
lt_cv_file_magic_cmd='$MAGIC_CMD'
lt_cv_file_magic_test_file=
lt_cv_ld_reload_flag=-r
lt_cv_nm_interface='BSD nm'
lt_cv_objdir=.libs
lt_cv_path_LD=/usr/bin/ld
lt_cv_path_NM='/usr/bin/nm -B'
lt_cv_path_mainfest_tool=no
lt_cv_prog_compiler_c_o=yes
lt_cv_prog_compiler_pic='-fPIC -DPIC'
lt_cv_prog_compiler_pic_works=yes
lt_cv_prog_compiler_rtti_exceptions=no
lt_cv_prog_compiler_static_works=yes
lt_cv_prog_gnu_ld=yes
lt_cv_sharedlib_from_linklib_cmd='printf %s\n'
lt_cv_shlibpath_overrides_runpath=yes
lt_cv_sys_global_symbol_pipe='sed -n -e '\''s/^.*[	 ]\([ABCDGIRSTW][ABCDGIRSTW]*\)[	 ][	 ]*\([_A-Za-z][_A-Za-z0-9]*\)$/\1 \2 \2/p'\'' | sed '\''/ __gnu_lto/d'\'''
lt_cv_sys_global_symbol_to_c_name_address='sed -n -e '\''s/^: \(.*\) .*$/  {"\1", (void *) 0},/p'\'' -e '\''s/^[ABCDGIRSTW][ABCDGIRSTW]* .* \(.*\)$/  {"\1", (void *) \&\1},/p'\'''
lt_cv_sys_global_symbol_to_c_name_address_lib_prefix='sed -n -e '\''s/^: \(.*\) .*$/  {"\1", (void *) 0},/p'\'' -e '\''s/^[ABCDGIRSTW][ABCDGIRSTW]* .* \(lib.*\)$/  {"\1", (void *) \&\1},/p'\'' -e '\''s/^[ABCDGIRSTW][ABCDGIRSTW]* .* \(.*\)$/  {"lib\1", (void *) \&\1},/p'\'''
lt_cv_sys_global_symbol_to_cdecl='sed -n -e '\''s/^T .* \(.*\)$/extern int \1();/p'\'' -e '\''s/^[ABCDGIRSTW][ABCDGIRSTW]* .* \(.*\)$/extern char \1;/p'\'''
lt_cv_sys_global_symbol_to_import=
lt_cv_sys_max_cmd_len=1572864
lt_cv_to_host_file_cmd=func_convert_file_noop
lt_cv_to_tool_file_cmd=func_convert_file_noop
lt_cv_truncate_bin='/bin/dd bs=4096 count=1'

## ----------------- ##
## Output variables. ##
## ----------------- ##

ACLOCAL='${SHELL} /home/pi/robotino/sphinx/sphinxbase-5prealpha/missing aclocal-1.16'
AMDEPBACKSLASH='\'
AMDEP_FALSE='#'
AMDEP_TRUE=''
AMTAR='$${TAR-tar}'
AM_BACKSLASH='\'
AM_DEFAULT_V='$(AM_DEFAULT_VERBOSITY)'
AM_DEFAULT_VERBOSITY='1'
AM_V='$(V)'
AR='ar'
AUTOCONF='${SHELL} /home/pi/robotino/sphinx/sphinxbase-5prealpha/missing autoconf'
AUTOHEADER='${SHELL} /home/pi/robotino/sphinx/sphinxbase-5prealpha/missing autoheader'
AUTOMAKE='${SHELL} /home/pi/robotino/sphinx/sphinxbase-5prealpha/missing automake-1.16'
AWK='gawk'
BUILD_DOXYGEN_FALSE='#'
BUILD_DOXYGEN_TRUE=''
BUILD_SWIG_FALSE='#'
BUILD_SWIG_TRUE=''
CC='gcc'
CCDEPMODE='depmode=gcc3'
CFLAGS='-g -O2 -Wall'
CPP='gcc -E'
CPPFLAGS=''
CYGPATH_W='echo'
DEFS='-DHAVE_CONFIG_H'
DEPDIR='.deps'
DLLTOOL='false'
DSYMUTIL=''
DUMPBIN=''
ECHO_C=''
ECHO_N='-n'
ECHO_T=''
EGREP='/bin/grep -E'
EXEEXT=''
FGREP='/bin/grep -F'
FIXED_POINT_FALSE=''
FIXED_POINT_TRUE='#'
GREP='/bin/grep'
HAVE_DOXYGEN='yes'
INSTALL_DATA='${INSTALL} -m 644'
INSTALL_PROGRAM='${INSTALL}'
INSTALL_SCRIPT='${INSTALL}'
INSTALL_STRIP_PROGRAM='$(install_sh) -c -s'
LAPACK_LITE_FALSE=''
LAPACK_LITE_TRUE='#'
LD='/usr/bin/ld'
LDFLAGS=''
LIBOBJS=''
LIBS='-lpulse -lpulse-simple -lpthread -lm -lblas -llapack '
LIBTOOL='$(SHELL) $(top_builddir)/libtool'
LIPO=''
LN_S='ln -s'
LTLIBOBJS=''
LT_SYS_LIBRARY_PATH=''
MAKEINFO='${SHELL} /home/pi/robotino/sphinx/sphinxbase-5prealpha/missing makeinfo'
MANIFEST_TOOL=':'
MKDIR_P='/bin/mkdir -p'
NM='/usr/bin/nm -B'
NMEDIT=''
OBJDUMP='objdump'
OBJEXT='o'
OTOOL64=''
OTOOL=''
PACKAGE='sphinxbase'
PACKAGE_BUGREPORT=''
PACKAGE_NAME='sphinxbase'
PACKAGE_STRING='sphinxbase 5prealpha'
PACKAGE_TARNAME='sphinxbase'
PACKAGE_URL=''
PACKAGE_VERSION='5prealpha'
PATH_SEPARATOR=':'
PYTHON='/usr/bin/python'
PYTHON_CPPFLAGS='-I/usr/include/python2.7'
PYTHON_EXEC_PREFIX='${exec_prefix}'
PYTHON_EXTRA_LDFLAGS='-Xlinker -export-dynamic -Wl,-O1 -Wl,-Bsymbolic-functions'
PYTHON_EXTRA_LIBS='-lpthread -ldl  -lutil -lm'
PYTHON_LDFLAGS='-L/usr/lib -lpython2.7'
PYTHON_PLATFORM='linux2'
PYTHON_PREFIX='${prefix}'
PYTHON_SITE_PKG='/usr/lib/python2.7/dist-packages'
PYTHON_VERSION='2.7'
RANLIB='ranlib'
SED='/bin/sed'
SET_MAKE=''
SHELL='/bin/bash'
STRIP='strip'
SWIG='/usr/bin/swig'
SWIG_LIB='/usr/share/swig3.0'
USE_LAPACK_FALSE='#'
USE_LAPACK_TRUE=''
USE_THREADS_FALSE='#'
USE_THREADS_TRUE=''
VERSION='5prealpha'
YACC='bison -y'
ac_ct_AR='ar'
ac_ct_CC='gcc'
ac_ct_DUMPBIN=''
ad_cppflags=''
ad_files='ad_pulse.lo'
ad_libs=''
am__EXEEXT_FALSE=''
am__EXEEXT_TRUE='#'
am__fastdepCC_FALSE='#'
am__fastdepCC_TRUE=''
am__include='include'
am__isrc=''
am__leading_dot='.'
am__nodep='_no'
am__quote=''
am__tar='$${TAR-tar} chof - "$$tardir"'
am__untar='$${TAR-tar} xf -'
bindir='${exec_prefix}/bin'
build='armv7l-unknown-linux-gnueabihf'
build_alias=''
build_cpu='armv7l'
build_os='linux-gnueabihf'
build_vendor='unknown'
datadir='${datarootdir}'
datarootdir='${prefix}/share'
docdir='${datarootdir}/doc/${PACKAGE_TARNAME}'
dvidir='${docdir}'
exec_prefix='${prefix}'
host='armv7l-unknown-linux-gnueabihf'
host_alias=''
host_cpu='armv7l'
host_os='linux-gnueabihf'
host_vendor='unknown'
htmldir='${docdir}'
includedir='${prefix}/include'
infodir='${datarootdir}/info'
install_sh='${SHELL} /home/pi/robotino/sphinx/sphinxbase-5prealpha/install-sh'
libdir='${exec_prefix}/lib'
libexecdir='${exec_prefix}/libexec'
localedir='${datarootdir}/locale'
localstatedir='${prefix}/var'
mandir='${datarootdir}/man'
mkdir_p='$(MKDIR_P)'
oldincludedir='/usr/include'
pdfdir='${docdir}'
pkgpyexecdir='${pyexecdir}/sphinxbase'
pkgpythondir='${pythondir}/sphinxbase'
prefix='/usr/local'
program_transform_name='s,x,x,'
psdir='${docdir}'
pyexecdir='${exec_prefix}/lib/python2.7/dist-packages'
pythondir='${prefix}/lib/python2.7/dist-packages'
runstatedir='${localstatedir}/run'
sbindir='${exec_prefix}/sbin'
sharedstatedir='${prefix}/com'
sysconfdir='${prefix}/etc'
target_alias=''

## ----------- ##
## confdefs.h. ##
## ----------- ##

/* confdefs.h */
#define PACKAGE_NAME "sphinxbase"
#define PACKAGE_TARNAME "sphinxbase"
#define PACKAGE_VERSION "5prealpha"
#define PACKAGE_STRING "sphinxbase 5prealpha"
#define PACKAGE_BUGREPORT ""
#define PACKAGE_URL ""
#define STDC_HEADERS 1
#define HAVE_SYS_TYPES_H 1
#define HAVE_SYS_STAT_H 1
#define HAVE_STDLIB_H 1
#define HAVE_STRING_H 1
#define HAVE_MEMORY_H 1
#define HAVE_STRINGS_H 1
#define HAVE_INTTYPES_H 1
#define HAVE_STDINT_H 1
#define HAVE_UNISTD_H 1
#define HAVE_DLFCN_H 1
#define LT_OBJDIR ".libs/"
#define STDC_HEADERS 1
#define RETSIGTYPE void
#define HAVE_LONG_LONG 1
#define SIZEOF_LONG_LONG 8
#define SIZEOF_LONG 4
#define HAVE_POPEN 1
#define HAVE_PERROR 1
#define HAVE_SNPRINTF 1
#define HAVE_LIBLAPACK 1
#define HAVE_LIBBLAS 1
#define WITH_LAPACK /**/
#define HAVE_LIBM 1
#define HAVE_PTHREAD_H 1
#define HAVE_LIBPTHREAD 1
#define ENABLE_THREADS /**/
#define HAVE_LIBPULSE_SIMPLE 1
#define HAVE_LIBPULSE 1
#define HAVE_PYTHON "2.7"

configure: exit 0

## ---------------------- ##
## Running config.status. ##
## ---------------------- ##

This file was extended by sphinxbase config.status 5prealpha, which was
generated by GNU Autoconf 2.69.  Invocation command line was

  CONFIG_FILES    = 
  CONFIG_HEADERS  = 
  CONFIG_LINKS    = 
  CONFIG_COMMANDS = 
  $ ./config.status include/config.h

on rp4-lg

config.status:1169: creating include/config.h
config.status:1350: include/config.h is unchanged
